[BLOAD2] File ./clips/rule-expand-nol.clp is not a binary construct file.
Game Configuration for the agent:
{'board_size': 4, 'num_bombs': 4, 'loc_bombs': [[1, 1], [1, 3], [2, 3], [3, 1]]}
[[1, 1, 2, 1], [1, None, 3, None], [2, 2, 4, None], [1, None, 2, 1]]
Fakta setelah run sekali
(initial-fact)
(rem-bombs 4)
(safe 0 0)
(isi 0 0 0)
(coordinate 0 0)
(adjacent 0 0 0 1)
(adjacent 0 0 1 0)
(adjacent 0 0 1 1)
(pojok 0 0)
(coordinate 0 1)
f-10    (adjacent 0 1 0 2)
f-11    (adjacent 0 1 0 0)
f-12    (adjacent 0 1 1 1)
f-13    (adjacent 0 1 1 0)
f-14    (adjacent 0 1 1 2)
f-15    (sisi 0 1)
f-16    (unknown 0 1)
f-17    (coordinate 0 2)
f-18    (adjacent 0 2 0 3)
f-19    (adjacent 0 2 0 1)
f-20    (adjacent 0 2 1 2)
f-21    (adjacent 0 2 1 1)
f-22    (adjacent 0 2 1 3)
f-23    (sisi 0 2)
f-24    (unknown 0 2)
f-25    (coordinate 0 3)
f-26    (adjacent 0 3 0 2)
f-27    (adjacent 0 3 1 3)
f-28    (adjacent 0 3 1 2)
f-29    (pojok 0 3)
f-30    (unknown 0 3)
f-31    (coordinate 1 0)
f-32    (adjacent 1 0 1 1)
f-33    (adjacent 1 0 2 0)
f-34    (adjacent 1 0 0 0)
f-35    (adjacent 1 0 2 1)
f-36    (adjacent 1 0 0 1)
f-37    (sisi 1 0)
f-38    (unknown 1 0)
f-39    (coordinate 1 1)
f-40    (adjacent 1 1 1 2)
f-41    (adjacent 1 1 1 0)
f-42    (adjacent 1 1 2 1)
f-43    (adjacent 1 1 0 1)
f-44    (adjacent 1 1 2 0)
f-45    (adjacent 1 1 2 2)
f-46    (adjacent 1 1 0 2)
f-47    (adjacent 1 1 0 0)
f-48    (tengah 1 1)
f-49    (unknown 1 1)
f-50    (coordinate 1 2)
f-51    (adjacent 1 2 1 3)
f-52    (adjacent 1 2 1 1)
f-53    (adjacent 1 2 2 2)
f-54    (adjacent 1 2 0 2)
f-55    (adjacent 1 2 2 1)
f-56    (adjacent 1 2 2 3)
f-57    (adjacent 1 2 0 3)
f-58    (adjacent 1 2 0 1)
f-59    (tengah 1 2)
f-60    (unknown 1 2)
f-61    (coordinate 1 3)
f-62    (adjacent 1 3 1 2)
f-63    (adjacent 1 3 2 3)
f-64    (adjacent 1 3 0 3)
f-65    (adjacent 1 3 2 2)
f-66    (adjacent 1 3 0 2)
f-67    (sisi 1 3)
f-68    (unknown 1 3)
f-69    (coordinate 2 0)
f-70    (adjacent 2 0 2 1)
f-71    (adjacent 2 0 3 0)
f-72    (adjacent 2 0 1 0)
f-73    (adjacent 2 0 3 1)
f-74    (adjacent 2 0 1 1)
f-75    (sisi 2 0)
f-76    (unknown 2 0)
f-77    (coordinate 2 1)
f-78    (adjacent 2 1 2 2)
f-79    (adjacent 2 1 2 0)
f-80    (adjacent 2 1 3 1)
f-81    (adjacent 2 1 1 1)
f-82    (adjacent 2 1 3 0)
f-83    (adjacent 2 1 3 2)
f-84    (adjacent 2 1 1 2)
f-85    (adjacent 2 1 1 0)
f-86    (tengah 2 1)
f-87    (unknown 2 1)
f-88    (coordinate 2 2)
f-89    (adjacent 2 2 2 3)
f-90    (adjacent 2 2 2 1)
f-91    (adjacent 2 2 3 2)
f-92    (adjacent 2 2 1 2)
f-93    (adjacent 2 2 3 1)
f-94    (adjacent 2 2 3 3)
f-95    (adjacent 2 2 1 3)
f-96    (adjacent 2 2 1 1)
f-97    (tengah 2 2)
f-98    (unknown 2 2)
f-99    (coordinate 2 3)
f-100   (adjacent 2 3 2 2)
f-101   (adjacent 2 3 3 3)
f-102   (adjacent 2 3 1 3)
f-103   (adjacent 2 3 3 2)
f-104   (adjacent 2 3 1 2)
f-105   (sisi 2 3)
f-106   (unknown 2 3)
f-107   (coordinate 3 0)
f-108   (adjacent 3 0 3 1)
f-109   (adjacent 3 0 2 0)
f-110   (adjacent 3 0 2 1)
f-111   (pojok 3 0)
f-112   (unknown 3 0)
f-113   (coordinate 3 1)
f-114   (adjacent 3 1 3 2)
f-115   (adjacent 3 1 3 0)
f-116   (adjacent 3 1 2 1)
f-117   (adjacent 3 1 2 2)
f-118   (adjacent 3 1 2 0)
f-119   (sisi 3 1)
f-120   (unknown 3 1)
f-121   (coordinate 3 2)
f-122   (adjacent 3 2 3 3)
f-123   (adjacent 3 2 3 1)
f-124   (adjacent 3 2 2 2)
f-125   (adjacent 3 2 2 3)
f-126   (adjacent 3 2 2 1)
f-127   (sisi 3 2)
f-128   (unknown 3 2)
f-129   (coordinate 3 3)
f-130   (adjacent 3 3 3 2)
f-131   (adjacent 3 3 2 3)
f-132   (adjacent 3 3 2 2)
f-133   (pojok 3 3)
f-134   (unknown 3 3)
--------------------------------------------------
after iteration 1
(initial-fact)
(rem-bombs 4)
(safe 0 0)
(isi 0 0 0)
(coordinate 0 0)
(adjacent 0 0 0 1)
(adjacent 0 0 1 0)
(adjacent 0 0 1 1)
(pojok 0 0)
(coordinate 0 1)
f-10    (adjacent 0 1 0 2)
f-11    (adjacent 0 1 0 0)
f-12    (adjacent 0 1 1 1)
f-13    (adjacent 0 1 1 0)
f-14    (adjacent 0 1 1 2)
f-15    (sisi 0 1)
f-16    (unknown 0 1)
f-17    (coordinate 0 2)
f-18    (adjacent 0 2 0 3)
f-19    (adjacent 0 2 0 1)
f-20    (adjacent 0 2 1 2)
f-21    (adjacent 0 2 1 1)
f-22    (adjacent 0 2 1 3)
f-23    (sisi 0 2)
f-24    (unknown 0 2)
f-25    (coordinate 0 3)
f-26    (adjacent 0 3 0 2)
f-27    (adjacent 0 3 1 3)
f-28    (adjacent 0 3 1 2)
f-29    (pojok 0 3)
f-30    (unknown 0 3)
f-31    (coordinate 1 0)
f-32    (adjacent 1 0 1 1)
f-33    (adjacent 1 0 2 0)
f-34    (adjacent 1 0 0 0)
f-35    (adjacent 1 0 2 1)
f-36    (adjacent 1 0 0 1)
f-37    (sisi 1 0)
f-38    (unknown 1 0)
f-39    (coordinate 1 1)
f-40    (adjacent 1 1 1 2)
f-41    (adjacent 1 1 1 0)
f-42    (adjacent 1 1 2 1)
f-43    (adjacent 1 1 0 1)
f-44    (adjacent 1 1 2 0)
f-45    (adjacent 1 1 2 2)
f-46    (adjacent 1 1 0 2)
f-47    (adjacent 1 1 0 0)
f-48    (tengah 1 1)
f-49    (unknown 1 1)
f-50    (coordinate 1 2)
f-51    (adjacent 1 2 1 3)
f-52    (adjacent 1 2 1 1)
f-53    (adjacent 1 2 2 2)
f-54    (adjacent 1 2 0 2)
f-55    (adjacent 1 2 2 1)
f-56    (adjacent 1 2 2 3)
f-57    (adjacent 1 2 0 3)
f-58    (adjacent 1 2 0 1)
f-59    (tengah 1 2)
f-60    (unknown 1 2)
f-61    (coordinate 1 3)
f-62    (adjacent 1 3 1 2)
f-63    (adjacent 1 3 2 3)
f-64    (adjacent 1 3 0 3)
f-65    (adjacent 1 3 2 2)
f-66    (adjacent 1 3 0 2)
f-67    (sisi 1 3)
f-68    (unknown 1 3)
f-69    (coordinate 2 0)
f-70    (adjacent 2 0 2 1)
f-71    (adjacent 2 0 3 0)
f-72    (adjacent 2 0 1 0)
f-73    (adjacent 2 0 3 1)
f-74    (adjacent 2 0 1 1)
f-75    (sisi 2 0)
f-76    (unknown 2 0)
f-77    (coordinate 2 1)
f-78    (adjacent 2 1 2 2)
f-79    (adjacent 2 1 2 0)
f-80    (adjacent 2 1 3 1)
f-81    (adjacent 2 1 1 1)
f-82    (adjacent 2 1 3 0)
f-83    (adjacent 2 1 3 2)
f-84    (adjacent 2 1 1 2)
f-85    (adjacent 2 1 1 0)
f-86    (tengah 2 1)
f-87    (unknown 2 1)
f-88    (coordinate 2 2)
f-89    (adjacent 2 2 2 3)
f-90    (adjacent 2 2 2 1)
f-91    (adjacent 2 2 3 2)
f-92    (adjacent 2 2 1 2)
f-93    (adjacent 2 2 3 1)
f-94    (adjacent 2 2 3 3)
f-95    (adjacent 2 2 1 3)
f-96    (adjacent 2 2 1 1)
f-97    (tengah 2 2)
f-98    (unknown 2 2)
f-99    (coordinate 2 3)
f-100   (adjacent 2 3 2 2)
f-101   (adjacent 2 3 3 3)
f-102   (adjacent 2 3 1 3)
f-103   (adjacent 2 3 3 2)
f-104   (adjacent 2 3 1 2)
f-105   (sisi 2 3)
f-106   (unknown 2 3)
f-107   (coordinate 3 0)
f-108   (adjacent 3 0 3 1)
f-109   (adjacent 3 0 2 0)
f-110   (adjacent 3 0 2 1)
f-111   (pojok 3 0)
f-112   (unknown 3 0)
f-113   (coordinate 3 1)
f-114   (adjacent 3 1 3 2)
f-115   (adjacent 3 1 3 0)
f-116   (adjacent 3 1 2 1)
f-117   (adjacent 3 1 2 2)
f-118   (adjacent 3 1 2 0)
f-119   (sisi 3 1)
f-120   (unknown 3 1)
f-121   (coordinate 3 2)
f-122   (adjacent 3 2 3 3)
f-123   (adjacent 3 2 3 1)
f-124   (adjacent 3 2 2 2)
f-125   (adjacent 3 2 2 3)
f-126   (adjacent 3 2 2 1)
f-127   (sisi 3 2)
f-128   (unknown 3 2)
f-129   (coordinate 3 3)
f-130   (adjacent 3 3 3 2)
f-131   (adjacent 3 3 2 3)
f-132   (adjacent 3 3 2 2)
f-133   (pojok 3 3)
f-134   (unknown 3 3)
--------------------------------------------------
--------------------------------------------------
after iteration 2
(initial-fact)
(rem-bombs 4)
(safe 0 0)
(isi 0 0 0)
(coordinate 0 0)
(adjacent 0 0 0 1)
(adjacent 0 0 1 0)
(adjacent 0 0 1 1)
(pojok 0 0)
(coordinate 0 1)
f-10    (adjacent 0 1 0 2)
f-11    (adjacent 0 1 0 0)
f-12    (adjacent 0 1 1 1)
f-13    (adjacent 0 1 1 0)
f-14    (adjacent 0 1 1 2)
f-15    (sisi 0 1)
f-16    (unknown 0 1)
f-17    (coordinate 0 2)
f-18    (adjacent 0 2 0 3)
f-19    (adjacent 0 2 0 1)
f-20    (adjacent 0 2 1 2)
f-21    (adjacent 0 2 1 1)
f-22    (adjacent 0 2 1 3)
f-23    (sisi 0 2)
f-24    (unknown 0 2)
f-25    (coordinate 0 3)
f-26    (adjacent 0 3 0 2)
f-27    (adjacent 0 3 1 3)
f-28    (adjacent 0 3 1 2)
f-29    (pojok 0 3)
f-30    (unknown 0 3)
f-31    (coordinate 1 0)
f-32    (adjacent 1 0 1 1)
f-33    (adjacent 1 0 2 0)
f-34    (adjacent 1 0 0 0)
f-35    (adjacent 1 0 2 1)
f-36    (adjacent 1 0 0 1)
f-37    (sisi 1 0)